23:22:15: Creating resource group General
23:22:15: Creating resource group Internal
23:22:15: Creating resource group Autodetect
23:22:15: SceneManagerFactory for type 'DefaultSceneManager' registered.
23:22:15: Registering ResourceManager for type Material
23:22:15: Registering ResourceManager for type Mesh
23:22:15: Registering ResourceManager for type Skeleton
23:22:15: MovableObjectFactory for type 'ParticleSystem' registered.
23:22:15: OverlayElementFactory for type Panel registered.
23:22:15: OverlayElementFactory for type BorderPanel registered.
23:22:15: OverlayElementFactory for type TextArea registered.
23:22:15: Registering ResourceManager for type Font
23:22:15: ArchiveFactory for archive type FileSystem registered.
23:22:15: ArchiveFactory for archive type Zip registered.
23:22:15: FreeImage version: 3.11.0
23:22:15: This program uses FreeImage, a free, open source image library supporting all common bitmap formats. See http://freeimage.sourceforge.net for details
23:22:15: Supported formats: bmp,ico,jpg,jif,jpeg,jpe,jng,koa,iff,lbm,mng,pbm,pbm,pcd,pcx,pgm,pgm,png,ppm,ppm,ras,tga,targa,tif,tiff,wap,wbmp,wbm,psd,cut,xbm,xpm,gif,hdr,g3,sgi,exr,j2k,j2c,jp2
23:22:15: DDS codec registering
23:22:15: Registering ResourceManager for type HighLevelGpuProgram
23:22:15: Registering ResourceManager for type Compositor
23:22:15: MovableObjectFactory for type 'Entity' registered.
23:22:15: MovableObjectFactory for type 'Light' registered.
23:22:15: MovableObjectFactory for type 'BillboardSet' registered.
23:22:15: MovableObjectFactory for type 'ManualObject' registered.
23:22:15: MovableObjectFactory for type 'BillboardChain' registered.
23:22:15: MovableObjectFactory for type 'RibbonTrail' registered.
23:22:15: Loading library /usr/local/lib/OGRE/RenderSystem_GL.so
23:22:15: Installing plugin: GL RenderSystem
23:22:15: OpenGL Rendering Subsystem created.
23:22:15: Plugin successfully installed
23:22:15: Loading library /usr/local/lib/OGRE/Plugin_ParticleFX.so
23:22:15: Installing plugin: ParticleFX
23:22:15: Particle Emitter Type 'Point' registered
23:22:15: Particle Emitter Type 'Box' registered
23:22:15: Particle Emitter Type 'Ellipsoid' registered
23:22:15: Particle Emitter Type 'Cylinder' registered
23:22:15: Particle Emitter Type 'Ring' registered
23:22:15: Particle Emitter Type 'HollowEllipsoid' registered
23:22:15: Particle Affector Type 'LinearForce' registered
23:22:15: Particle Affector Type 'ColourFader' registered
23:22:15: Particle Affector Type 'ColourFader2' registered
23:22:15: Particle Affector Type 'ColourImage' registered
23:22:15: Particle Affector Type 'ColourInterpolator' registered
23:22:15: Particle Affector Type 'Scaler' registered
23:22:15: Particle Affector Type 'Rotator' registered
23:22:15: Particle Affector Type 'DirectionRandomiser' registered
23:22:15: Particle Affector Type 'DeflectorPlane' registered
23:22:15: Plugin successfully installed
23:22:15: Loading library /usr/local/lib/OGRE/Plugin_BSPSceneManager.so
23:22:15: Installing plugin: BSP Scene Manager
23:22:15: Plugin successfully installed
23:22:15: Loading library /usr/local/lib/OGRE/Plugin_OctreeSceneManager.so
23:22:15: Installing plugin: Octree & Terrain Scene Manager
23:22:15: Plugin successfully installed
23:22:15: Loading library /usr/local/lib/OGRE/Plugin_CgProgramManager.so
23:22:15: Installing plugin: Cg Program Manager
23:22:15: Plugin successfully installed
23:22:15: *-*-* OGRE Initialising
23:22:15: *-*-* Version 1.6.1 (Shoggoth)
23:22:15: CPU Identifier & Features
23:22:15: -------------------------
23:22:15:  *   CPU ID: GenuineIntel: Intel(R) Core(TM)2 Quad  CPU   Q9450  @ 2.66GHz
23:22:15:  *      SSE: yes
23:22:15:  *     SSE2: yes
23:22:15:  *     SSE3: yes
23:22:15:  *      MMX: yes
23:22:15:  *   MMXEXT: yes
23:22:15:  *    3DNOW: no
23:22:15:  * 3DNOWEXT: no
23:22:15:  *     CMOV: yes
23:22:15:  *      TSC: yes
23:22:15:  *      FPU: yes
23:22:15:  *      PRO: yes
23:22:15:  *       HT: no
23:22:15: -------------------------
23:22:15: ******************************
*** Starting GLX Subsystem ***
******************************
23:22:15: GLRenderSystem::_createRenderWindow "View6947872", 341x543 windowed  miscParams: parentWindowHandle=6639216:0:50331720 
23:22:15: GLXWindow::create used FBConfigID = 117
23:22:15: GL_VERSION = 3.0.0 NVIDIA 180.51
23:22:15: GL_VENDOR = NVIDIA Corporation
23:22:15: GL_RENDERER = GeForce 8800 GT/PCI/SSE2
23:22:15: GL_EXTENSIONS = GL_ARB_color_buffer_float GL_ARB_depth_buffer_float GL_ARB_depth_texture GL_ARB_draw_buffers GL_ARB_draw_instanced GL_ARB_fragment_program GL_ARB_fragment_program_shadow GL_ARB_fragment_shader GL_ARB_half_float_pixel GL_ARB_half_float_vertex GL_ARB_framebuffer_object GL_ARB_geometry_shader4 GL_ARB_imaging GL_ARB_map_buffer_range GL_ARB_multisample GL_ARB_multitexture GL_ARB_occlusion_query GL_ARB_pixel_buffer_object GL_ARB_point_parameters GL_ARB_point_sprite GL_ARB_shadow GL_ARB_shader_objects GL_ARB_shading_language_100 GL_ARB_texture_border_clamp GL_ARB_texture_buffer_object GL_ARB_texture_compression GL_ARB_texture_cube_map GL_ARB_texture_env_add GL_ARB_texture_env_combine GL_ARB_texture_env_dot3 GL_ARB_texture_float GL_ARB_texture_mirrored_repeat GL_ARB_texture_non_power_of_two GL_ARB_texture_rectangle GL_ARB_texture_rg GL_ARB_transpose_matrix GL_ARB_vertex_array_object GL_ARB_vertex_buffer_object GL_ARB_vertex_program GL_ARB_vertex_shader GL_ARB_window_pos GL_ATI_draw_buffers GL_ATI_texture_float GL_ATI_texture_mirror_once GL_S3_s3tc GL_EXT_texture_env_add GL_EXT_abgr GL_EXT_bgra GL_EXT_blend_color GL_EXT_blend_equation_separate GL_EXT_blend_func_separate GL_EXT_blend_minmax GL_EXT_blend_subtract GL_EXT_compiled_vertex_array GL_EXT_Cg_shader GL_EXT_bindable_uniform GL_EXT_depth_bounds_test GL_EXT_direct_state_access GL_EXT_draw_buffers2 GL_EXT_draw_instanced GL_EXT_draw_range_elements GL_EXT_fog_coord GL_EXT_framebuffer_blit GL_EXT_framebuffer_multisample GL_EXT_framebuffer_object GL_EXTX_framebuffer_mixed_formats GL_EXT_framebuffer_sRGB GL_EXT_geometry_shader4 GL_EXT_gpu_program_parameters GL_EXT_gpu_shader4 GL_EXT_multi_draw_arrays GL_EXT_packed_depth_stencil GL_EXT_packed_float GL_EXT_packed_pixels GL_EXT_pixel_buffer_object GL_EXT_point_parameters GL_EXT_rescale_normal GL_EXT_secondary_color GL_EXT_separate_specular_color GL_EXT_shadow_funcs GL_EXT_stencil_two_side GL_EXT_stencil_wrap GL_EXT_texture3D GL_EXT_texture_array GL_EXT_texture_buffer_object GL_EXT_texture_compression_latc GL_EXT_texture_compression_rgtc GL_EXT_texture_compression_s3tc GL_EXT_texture_cube_map GL_EXT_texture_edge_clamp GL_EXT_texture_env_combine GL_EXT_texture_env_dot3 GL_EXT_texture_filter_anisotropic GL_EXT_texture_integer GL_EXT_texture_lod GL_EXT_texture_lod_bias GL_EXT_texture_mirror_clamp GL_EXT_texture_object GL_EXT_texture_sRGB GL_EXT_texture_swizzle GL_EXT_texture_shared_exponent GL_EXT_timer_query GL_EXT_vertex_array GL_EXT_vertex_array_bgra GL_IBM_rasterpos_clip GL_IBM_texture_mirrored_repeat GL_KTX_buffer_region GL_NV_blend_square GL_NV_copy_depth_to_color GL_NV_depth_buffer_float GL_NV_conditional_render GL_NV_depth_clamp GL_NV_explicit_multisample GL_NV_fence GL_NV_float_buffer GL_NV_fog_distance GL_NV_fragment_program GL_NV_fragment_program_option GL_NV_fragment_program2 GL_NV_framebuffer_multisample_coverage GL_NV_geometry_shader4 GL_NV_gpu_program4 GL_NV_half_float GL_NV_light_max_exponent GL_NV_multisample_coverage GL_NV_multisample_filter_hint GL_NV_occlusion_query GL_NV_packed_depth_stencil GL_NV_parameter_buffer_object GL_NV_pixel_data_range GL_NV_point_sprite GL_NV_primitive_restart GL_NV_register_combiners GL_NV_register_combiners2 GL_NV_texgen_reflection GL_NV_texture_compression_vtc GL_NV_texture_env_combine4 GL_NV_texture_expand_normal GL_NV_texture_rectangle GL_NV_texture_shader GL_NV_texture_shader2 GL_NV_texture_shader3 GL_NV_transform_feedback GL_NV_vertex_array_range GL_NV_vertex_array_range2 GL_NV_vertex_program GL_NV_vertex_program1_1 GL_NV_vertex_program2 GL_NV_vertex_program2_option GL_NV_vertex_program3 GL_NVX_conditional_render GL_SGIS_generate_mipmap GL_SGIS_texture_lod GL_SGIX_depth_texture GL_SGIX_shadow GL_SUN_slice_accum 
23:22:15: Supported GLX extensions: GLX_EXT_visual_info GLX_EXT_visual_rating GLX_SGIX_fbconfig GLX_SGIX_pbuffer GLX_SGI_video_sync GLX_SGI_swap_control GLX_EXT_texture_from_pixmap GLX_ARB_create_context GLX_ARB_multisample GLX_NV_float_buffer GLX_ARB_fbconfig_float GLX_EXT_framebuffer_sRGB GLX_ARB_get_proc_address 
23:22:15: ***************************
23:22:15: *** GL Renderer Started ***
23:22:15: ***************************
23:22:15: Registering ResourceManager for type GpuProgram
23:22:15: GLSL support detected
23:22:15: GL: Using GL_EXT_framebuffer_object for rendering to textures (best)
23:22:15: FBO PF_UNKNOWN depth/stencil support: D16S0 D24S0 D32S0 Packed-D24S8 
23:22:15: FBO PF_L8 depth/stencil support: D0S0 D16S0 D24S0 D32S0 Packed-D24S8 
23:22:15: FBO PF_A8 depth/stencil support: D0S0 D16S0 D24S0 D32S0 Packed-D24S8 
23:22:15: FBO PF_A4L4 depth/stencil support: D0S0 D16S0 D24S0 D32S0 Packed-D24S8 
23:22:15: FBO PF_BYTE_LA depth/stencil support: D0S0 D16S0 D24S0 D32S0 Packed-D24S8 
23:22:15: FBO PF_R5G6B5 depth/stencil support: D0S0 D16S0 D24S0 D32S0 Packed-D24S8 
23:22:15: FBO PF_B5G6R5 depth/stencil support: D0S0 D16S0 D24S0 D32S0 Packed-D24S8 
23:22:15: FBO PF_A1R5G5B5 depth/stencil support: D0S0 D16S0 D24S0 D32S0 Packed-D24S8 
23:22:15: FBO PF_R8G8B8 depth/stencil support: D0S0 D16S0 D24S0 D32S0 Packed-D24S8 
23:22:15: FBO PF_B8G8R8 depth/stencil support: D0S0 D16S0 D24S0 D32S0 Packed-D24S8 
23:22:15: FBO PF_A8R8G8B8 depth/stencil support: D0S0 D16S0 D24S0 D32S0 Packed-D24S8 
23:22:15: FBO PF_B8G8R8A8 depth/stencil support: D0S0 D16S0 D24S0 D32S0 Packed-D24S8 
23:22:15: FBO PF_A2R10G10B10 depth/stencil support: D0S0 D16S0 D24S0 D32S0 Packed-D24S8 
23:22:16: FBO PF_A2B10G10R10 depth/stencil support: D0S0 D16S0 D24S0 D32S0 Packed-D24S8 
23:22:16: FBO PF_FLOAT16_RGB depth/stencil support: D0S0 D16S0 D24S0 D32S0 Packed-D24S8 
23:22:16: FBO PF_FLOAT16_RGBA depth/stencil support: D0S0 D16S0 D24S0 D32S0 Packed-D24S8 
23:22:16: FBO PF_FLOAT32_RGB depth/stencil support: D0S0 D16S0 D24S0 D32S0 Packed-D24S8 
23:22:16: FBO PF_FLOAT32_RGBA depth/stencil support: D0S0 D16S0 D24S0 D32S0 Packed-D24S8 
23:22:16: FBO PF_X8R8G8B8 depth/stencil support: D0S0 D16S0 D24S0 D32S0 Packed-D24S8 
23:22:16: FBO PF_X8B8G8R8 depth/stencil support: D0S0 D16S0 D24S0 D32S0 Packed-D24S8 
23:22:16: FBO PF_SHORT_RGBA depth/stencil support: D0S0 D16S0 D24S0 D32S0 Packed-D24S8 
23:22:16: FBO PF_R3G3B2 depth/stencil support: D0S0 D16S0 D24S0 D32S0 Packed-D24S8 
23:22:16: FBO PF_FLOAT16_R depth/stencil support: D0S0 D16S0 D24S0 D32S0 Packed-D24S8 
23:22:16: FBO PF_FLOAT32_R depth/stencil support: D0S0 D16S0 D24S0 D32S0 Packed-D24S8 
23:22:16: FBO PF_FLOAT16_GR depth/stencil support: D0S0 D16S0 D24S0 D32S0 Packed-D24S8 
23:22:16: FBO PF_FLOAT32_GR depth/stencil support: D0S0 D16S0 D24S0 D32S0 Packed-D24S8 
23:22:16: FBO PF_SHORT_RGB depth/stencil support: D0S0 D16S0 D24S0 D32S0 Packed-D24S8 
23:22:16: [GL] : Valid FBO targets PF_UNKNOWN PF_L8 PF_A8 PF_A4L4 PF_BYTE_LA PF_R5G6B5 PF_B5G6R5 PF_A1R5G5B5 PF_R8G8B8 PF_B8G8R8 PF_A8R8G8B8 PF_B8G8R8A8 PF_A2R10G10B10 PF_A2B10G10R10 PF_FLOAT16_RGB PF_FLOAT16_RGBA PF_FLOAT32_RGB PF_FLOAT32_RGBA PF_X8R8G8B8 PF_X8B8G8R8 PF_SHORT_RGBA PF_R3G3B2 PF_FLOAT16_R PF_FLOAT32_R PF_FLOAT16_GR PF_FLOAT32_GR PF_SHORT_RGB 
23:22:16: RenderSystem capabilities
23:22:16: -------------------------
23:22:16: RenderSystem Name: OpenGL Rendering Subsystem
23:22:16: GPU Vendor: nvidia
23:22:16: Device Name: GeForce 8800 GT/PCI/SSE2
23:22:16: Driver Version: 3.0.0.0
23:22:16:  * Fixed function pipeline: yes
23:22:16:  * Hardware generation of mipmaps: yes
23:22:16:  * Texture blending: yes
23:22:16:  * Anisotropic texture filtering: yes
23:22:16:  * Dot product texture operation: yes
23:22:16:  * Cube mapping: yes
23:22:16:  * Hardware stencil buffer: yes
23:22:16:    - Stencil depth: 8
23:22:16:    - Two sided stencil support: yes
23:22:16:    - Wrap stencil values: yes
23:22:16:  * Hardware vertex / index buffers: yes
23:22:16:  * Vertex programs: yes
23:22:16:  * Fragment programs: yes
23:22:16:  * Geometry programs: yes
23:22:16:  * Supported Shader Profiles: arbfp1 arbvp1 fp20 fp30 fp40 glsl gp4gp gpu_gp nvgp4 vp30 vp40
23:22:16:  * Texture Compression: yes
23:22:16:    - DXT: yes
23:22:16:    - VTC: yes
23:22:16:  * Scissor Rectangle: yes
23:22:16:  * Hardware Occlusion Query: yes
23:22:16:  * User clip planes: yes
23:22:16:  * VET_UBYTE4 vertex element type: yes
23:22:16:  * Infinite far plane projection: yes
23:22:16:  * Hardware render-to-texture: yes
23:22:16:  * Floating point textures: yes
23:22:16:  * Non-power-of-two textures: yes
23:22:16:  * Volume textures: yes
23:22:16:  * Multiple Render Targets: 8
23:22:16:    - With different bit depths: yes
23:22:16:  * Point Sprites: yes
23:22:16:  * Extended point parameters: yes
23:22:16:  * Max Point Size: 63.375
23:22:16:  * Vertex texture fetch: yes
23:22:16:    - Max vertex textures: 32
23:22:16:    - Vertex textures shared: yes
23:22:16:  * Render to Vertex Buffer : yes
23:22:16:  * GL 1.5 without VBO workaround: no
23:22:16:  * Frame Buffer objects: yes
23:22:16:  * Frame Buffer objects (ARB extension): no
23:22:16:  * Frame Buffer objects (ATI extension): no
23:22:16:  * PBuffer suppport: no
23:22:16:  * GL 1.5 without HW-occlusion workaround: no
23:22:16: Registering ResourceManager for type Texture
23:22:16: ResourceBackgroundQueue - threading disabled
23:22:16: Particle Renderer Type 'billboard' registered
23:22:16: SceneManagerFactory for type 'BspSceneManager' registered.
23:22:16: Registering ResourceManager for type BspLevel
23:22:16: SceneManagerFactory for type 'OctreeSceneManager' registered.
23:22:16: SceneManagerFactory for type 'TerrainSceneManager' registered.
23:22:16: Parsing scripts for resource group Autodetect
23:22:16: Finished parsing scripts for resource group Autodetect
23:22:16: Parsing scripts for resource group General
23:22:16: Finished parsing scripts for resource group General
23:22:16: Parsing scripts for resource group Internal
23:22:16: Finished parsing scripts for resource group Internal
